#
# A fatal error has been detected by the Java Runtime Environment:
#
#  SIGSEGV (0xb) at pc=0x00007ff8130ed5bd, pid=74686, tid=47619
#
# JRE version: OpenJDK Runtime Environment AdoptOpenJDK (11.0.10+9) (build 11.0.10+9)
# Java VM: OpenJDK 64-Bit Server VM AdoptOpenJDK (11.0.10+9, mixed mode, tiered, compressed oops, g1 gc, bsd-amd64)
# Problematic frame:
# C  [libdyld.dylib+0x15bd]  dyld_program_sdk_at_least+0x19
#
# No core dump will be written. Core dumps have been disabled. To enable core dumping, try "ulimit -c unlimited" before starting Java again
#
# If you would like to submit a bug report, please visit:
#   https://github.com/AdoptOpenJDK/openjdk-support/issues
#

---------------  S U M M A R Y ------------

Command Line: -javaagent:/Applications/IntelliJ IDEA.app/Contents/lib/idea_rt.jar=64863:/Applications/IntelliJ IDEA.app/Contents/bin -Dfile.encoding=UTF-8 nnmaestro20.Controller

Host: Macmini9,1 x86_64 2400 MHz, 8 cores, 8G, Darwin 21.3.0
Time: Sat Feb 26 21:45:16 2022 PST elapsed time: 1.523577 seconds (0d 0h 0m 1s)

---------------  T H R E A D  ---------------

Current thread is native thread

Stack: [0x000000030b0c9000,0x000000030b14c000],  sp=0x000000030b14b1b8,  free space=520k
Native frames: (J=compiled Java code, A=aot compiled Java code, j=interpreted, Vv=VM code, C=native code)
C  [libdyld.dylib+0x15bd]  dyld_program_sdk_at_least+0x19
C  [CoreFoundation+0x4c0bf]  CFBundleCopyResourceURL+0x1f
C  [Foundation+0xc4d4]  -[NSBundle URLForResource:withExtension:subdirectory:]+0x71
C  [CoreImage+0xe9c0]  +[CIKernelLibrary(Internal) internalLibraryWithName:device:]+0x4b
C  [CoreImage+0x2479a1]  ___ZN2CI17StitchableKernelsC2EPKNS_12MetalContextE_block_invoke+0xe0
C  [libdispatch.dylib+0xfd0d]  _dispatch_block_async_invoke2+0x53
C  [libdispatch.dylib+0x2cc9]  _dispatch_client_callout+0x8
C  [libdispatch.dylib+0x8cee]  _dispatch_lane_serial_drain+0x2b8
C  [libdispatch.dylib+0x97fb]  _dispatch_lane_invoke+0x1a1
C  [libdispatch.dylib+0x137e1]  _dispatch_workloop_worker_thread+0x2f6
C  [libsystem_pthread.dylib+0x3074]  _pthread_wqthread+0x146
C  [libsystem_pthread.dylib+0x1ffb]  start_wqthread+0xf


siginfo: si_signo: 11 (SIGSEGV), si_code: 1 (SEGV_MAPERR), si_addr: 0x00000001319da9a0

Register to memory mapping:

RAX=
[error occurred during error reporting (printing register info), id 0xb, SIGSEGV (0xb) at pc=0x000000010c9a96c4]

Registers:
RAX=0x0000000202e14200, RBX=0x00007f8f4c78c5b0, RCX=0x00007ff85500b590, RDX=0x00007ff854ff56b0
RSP=0x000000030b14b1b8, RBP=0x000000030b14b6b0, RSI=0x07e00901ffffffff, RDI=0x000000010b30c060
R8 =0x00007ff854ff56b0, R9 =0x0000000000000000, R10=0x00007ff854726ab0, R11=0x00007ff813edfd84
R12=0x00007ff854ff56b0, R13=0x00007ff812f7a280, R14=0x0000000000000000, R15=0x0000000000000000
RIP=0x00007ff8130ed5bd, EFLAGS=0x0000000000000246, ERR=0x0000000000000004
  TRAPNO=0x000000000000000e

Top of Stack: (sp=0x000000030b14b1b8)
0x000000030b14b1b8:   00007ff813179156 000000030b14b600
0x000000030b14b1c8:   0000000000000001 f49ff4a8675983d8
0x000000030b14b1d8:   a6e4bbb0c85b10ab b6eca203a45a0062
0x000000030b14b1e8:   00007ff85500b590 0000600001aecfa0
0x000000030b14b1f8:   00007ff812f7a200 0000000000000000
0x000000030b14b208:   000000030b14b268 000000030b14b230
0x000000030b14b218:   00007ff812f80142 0000000000000000
0x000000030b14b228:   0000000000000000 0000000000000000
0x000000030b14b238:   00007ff813ee51cc 0000000000000000
0x000000030b14b248:   00007f8f4c704950 0000600001aecfa0
0x000000030b14b258:   00007ff812f7a280 00007f8f4c78c5b0
0x000000030b14b268:   00007ff812f7a280 000000030b14b290
0x000000030b14b278:   00007ff813edd128 0000600001aecfa0
0x000000030b14b288:   0000600002ca8a80 000000030b14b2c0
0x000000030b14b298:   00007ff813f0219a 0000600002ca8a80
0x000000030b14b2a8:   00007ff82d91afd9 00007ff855044988
0x000000030b14b2b8:   00007ff85500b590 000000030b14b710
0x000000030b14b2c8:   00007ff813f01fe4 00000003000000c1
0x000000030b14b2d8:   0000600001dc74e0 00007ff854e86d30
0x000000030b14b2e8:   00007ff82d8e73f8 0000000000000004
0x000000030b14b2f8:   0000600001aec000 000000010b486000
0x000000030b14b308:   0000600001aed220 0000000000000001
0x000000030b14b318:   0000600003934000 000000010b486000
0x000000030b14b328:   0000600003934000 000000200b486800
0x000000030b14b338:   000000010b486000 0000600003ba8de4
0x000000030b14b348:   0000600003ba9ae4 0000000000000001
0x000000030b14b358:   0000000000000000 000000030b14b410
0x000000030b14b368:   00007ff812effc88 0000600003ba8ce4
0x000000030b14b378:   000000010b48a238 0000600000000000
0x000000030b14b388:   0000600000000000 000002000b486000
0x000000030b14b398:   000ffffb00000050 0000000200000001
0x000000030b14b3a8:   0000000000000000 0000600004000000 

Instructions: (pc=0x00007ff8130ed5bd)
0x00007ff8130ed4bd:   60 66 0f 7f 7c 24 70 eb 3f 8b 05 70 00 7e 41 48
0x00007ff8130ed4cd:   89 e7 48 29 c7 48 83 e7 c0 48 89 fc 48 c7 c1 00
0x00007ff8130ed4dd:   00 00 00 49 89 f8 49 89 f9 49 01 c1 49 89 08 49
0x00007ff8130ed4ed:   83 c0 08 4d 39 c1 77 f4 8b 05 39 00 7e 41 8b 15
0x00007ff8130ed4fd:   37 00 7e 41 0f ae 24 24 48 8b 7d f8 48 8b 7f 08
0x00007ff8130ed50d:   e8 02 09 00 00 83 3d 27 00 7e 41 00 75 31 66 0f
0x00007ff8130ed51d:   6f 04 24 66 0f 6f 4c 24 10 66 0f 6f 54 24 20 66
0x00007ff8130ed52d:   0f 6f 5c 24 30 66 0f 6f 64 24 40 66 0f 6f 6c 24
0x00007ff8130ed53d:   50 66 0f 6f 74 24 60 66 0f 6f 7c 24 70 eb 16 49
0x00007ff8130ed54d:   89 c3 8b 05 df ff 7d 41 8b 15 dd ff 7d 41 0f ae
0x00007ff8130ed55d:   2c 24 4c 89 d8 48 8b 7d f8 48 8b 75 f0 48 8b 55
0x00007ff8130ed56d:   e8 48 8b 4d e0 48 8b 5d d8 4c 8b 45 d0 4c 8b 4d
0x00007ff8130ed57d:   c8 4c 8b 55 c0 4c 8b 5d b8 48 89 ec 5d 48 03 47
0x00007ff8130ed58d:   10 c3 55 48 89 e5 48 8b 3d 46 ff 7d 41 48 8b 07
0x00007ff8130ed59d:   5d ff a0 98 01 00 00 55 48 89 e5 48 89 fe 48 8b
0x00007ff8130ed5ad:   3d 2e ff 7d 41 48 8b 07 48 8b 80 58 02 00 00 5d
0x00007ff8130ed5bd:   ff e0 55 48 89 e5 48 89 fe 48 8b 3d 13 ff 7d 41
0x00007ff8130ed5cd:   48 8b 07 48 8b 80 68 01 00 00 5d ff e0 55 48 89
0x00007ff8130ed5dd:   e5 48 89 d1 48 89 f2 89 fe 48 8b 3d f3 fe 7d 41
0x00007ff8130ed5ed:   48 8b 07 48 8b 80 70 02 00 00 5d ff e0 90 90 55
0x00007ff8130ed5fd:   48 89 e5 41 57 41 56 41 54 53 48 83 ec 60 49 89
0x00007ff8130ed60d:   f6 49 89 fc 4c 8d 7d d8 4c 89 ff 31 f6 e8 69 f7
0x00007ff8130ed61d:   ff ff 48 8d 5d b8 48 c7 03 00 00 00 00 48 89 5b
0x00007ff8130ed62d:   08 48 b8 00 00 00 00 20 00 00 00 48 89 43 10 c6
0x00007ff8130ed63d:   43 18 00 48 8b 05 61 42 d0 3f 48 8d 55 88 48 89
0x00007ff8130ed64d:   02 48 c7 42 08 00 00 00 42 48 8d 05 c7 7c 00 00
0x00007ff8130ed65d:   48 89 42 10 48 8d 05 88 4a d0 3f 48 89 42 18 4c
0x00007ff8130ed66d:   89 72 28 48 89 5a 20 4c 89 e7 4c 89 fe e8 19 f7
0x00007ff8130ed67d:   ff ff 4c 89 ff e8 15 f8 ff ff 48 8b 5b 08 41 b7
0x00007ff8130ed68d:   01 80 7b 18 00 75 15 be 10 00 00 00 4c 89 f7 e8
0x00007ff8130ed69d:   79 99 00 00 80 7b 18 00 41 0f 95 c7 48 8d 7d b8
0x00007ff8130ed6ad:   be 08 00 00 00 e8 15 99 00 00 48 8d 7d d8 e8 f0 


Stack slot to memory mapping:
stack at sp + 0 slots: 
[error occurred during error reporting (inspecting top of stack), id 0xb, SIGSEGV (0xb) at pc=0x000000010c9a96c4]


---------------  P R O C E S S  ---------------

VM state:synchronizing (normal execution)

VM Mutex/Monitor currently owned by a thread:  ([mutex/lock_event])
[0x00006000017a1900] Safepoint_lock - owner thread: 0x00007f8f4e0d2800
[0x00006000017a1980] Threads_lock - owner thread: 0x00007f8f4e0d2800

Heap address: 0x0000000780000000, size: 2048 MB, Compressed Oops mode: Zero based, Oop shift amount: 3
Narrow klass base: 0x0000000800000000, Narrow klass shift: 0
Compressed class space size: 1073741824 Address: 0x0000000800000000

Heap:
 garbage-first heap   total 131072K, used 12288K [0x0000000780000000, 0x0000000800000000)
  region size 1024K, 13 young (13312K), 0 survivors (0K)
 Metaspace       used 16770K, capacity 17280K, committed 17536K, reserved 1064960K
  class space    used 1802K, capacity 2053K, committed 2176K, reserved 1048576K
Heap Regions: E=young(eden), S=young(survivor), O=old, HS=humongous(starts), HC=humongous(continues), CS=collection set, F=free, A=archive, TAMS=top-at-mark-start (previous, next)
|   0|0x0000000780000000, 0x0000000780000000, 0x0000000780100000|  0%| F|  |TAMS 0x0000000780000000, 0x0000000780000000| Untracked 
|   1|0x0000000780100000, 0x0000000780100000, 0x0000000780200000|  0%| F|  |TAMS 0x0000000780100000, 0x0000000780100000| Untracked 
|   2|0x0000000780200000, 0x0000000780200000, 0x0000000780300000|  0%| F|  |TAMS 0x0000000780200000, 0x0000000780200000| Untracked 
|   3|0x0000000780300000, 0x0000000780300000, 0x0000000780400000|  0%| F|  |TAMS 0x0000000780300000, 0x0000000780300000| Untracked 
|   4|0x0000000780400000, 0x0000000780400000, 0x0000000780500000|  0%| F|  |TAMS 0x0000000780400000, 0x0000000780400000| Untracked 
|   5|0x0000000780500000, 0x0000000780500000, 0x0000000780600000|  0%| F|  |TAMS 0x0000000780500000, 0x0000000780500000| Untracked 
|   6|0x0000000780600000, 0x0000000780600000, 0x0000000780700000|  0%| F|  |TAMS 0x0000000780600000, 0x0000000780600000| Untracked 
|   7|0x0000000780700000, 0x0000000780700000, 0x0000000780800000|  0%| F|  |TAMS 0x0000000780700000, 0x0000000780700000| Untracked 
|   8|0x0000000780800000, 0x0000000780800000, 0x0000000780900000|  0%| F|  |TAMS 0x0000000780800000, 0x0000000780800000| Untracked 
|   9|0x0000000780900000, 0x0000000780900000, 0x0000000780a00000|  0%| F|  |TAMS 0x0000000780900000, 0x0000000780900000| Untracked 
|  10|0x0000000780a00000, 0x0000000780a00000, 0x0000000780b00000|  0%| F|  |TAMS 0x0000000780a00000, 0x0000000780a00000| Untracked 
|  11|0x0000000780b00000, 0x0000000780b00000, 0x0000000780c00000|  0%| F|  |TAMS 0x0000000780b00000, 0x0000000780b00000| Untracked 
|  12|0x0000000780c00000, 0x0000000780c00000, 0x0000000780d00000|  0%| F|  |TAMS 0x0000000780c00000, 0x0000000780c00000| Untracked 
|  13|0x0000000780d00000, 0x0000000780d00000, 0x0000000780e00000|  0%| F|  |TAMS 0x0000000780d00000, 0x0000000780d00000| Untracked 
|  14|0x0000000780e00000, 0x0000000780e00000, 0x0000000780f00000|  0%| F|  |TAMS 0x0000000780e00000, 0x0000000780e00000| Untracked 
|  15|0x0000000780f00000, 0x0000000780f00000, 0x0000000781000000|  0%| F|  |TAMS 0x0000000780f00000, 0x0000000780f00000| Untracked 
|  16|0x0000000781000000, 0x0000000781000000, 0x0000000781100000|  0%| F|  |TAMS 0x0000000781000000, 0x0000000781000000| Untracked 
|  17|0x0000000781100000, 0x0000000781100000, 0x0000000781200000|  0%| F|  |TAMS 0x0000000781100000, 0x0000000781100000| Untracked 
|  18|0x0000000781200000, 0x0000000781200000, 0x0000000781300000|  0%| F|  |TAMS 0x0000000781200000, 0x0000000781200000| Untracked 
|  19|0x0000000781300000, 0x0000000781300000, 0x0000000781400000|  0%| F|  |TAMS 0x0000000781300000, 0x0000000781300000| Untracked 
|  20|0x0000000781400000, 0x0000000781400000, 0x0000000781500000|  0%| F|  |TAMS 0x0000000781400000, 0x0000000781400000| Untracked 
|  21|0x0000000781500000, 0x0000000781500000, 0x0000000781600000|  0%| F|  |TAMS 0x0000000781500000, 0x0000000781500000| Untracked 
|  22|0x0000000781600000, 0x0000000781600000, 0x0000000781700000|  0%| F|  |TAMS 0x0000000781600000, 0x0000000781600000| Untracked 
|  23|0x0000000781700000, 0x0000000781700000, 0x0000000781800000|  0%| F|  |TAMS 0x0000000781700000, 0x0000000781700000| Untracked 
|  24|0x0000000781800000, 0x0000000781800000, 0x0000000781900000|  0%| F|  |TAMS 0x0000000781800000, 0x0000000781800000| Untracked 
|  25|0x0000000781900000, 0x0000000781900000, 0x0000000781a00000|  0%| F|  |TAMS 0x0000000781900000, 0x0000000781900000| Untracked 
|  26|0x0000000781a00000, 0x0000000781a00000, 0x0000000781b00000|  0%| F|  |TAMS 0x0000000781a00000, 0x0000000781a00000| Untracked 
|  27|0x0000000781b00000, 0x0000000781b00000, 0x0000000781c00000|  0%| F|  |TAMS 0x0000000781b00000, 0x0000000781b00000| Untracked 
|  28|0x0000000781c00000, 0x0000000781c00000, 0x0000000781d00000|  0%| F|  |TAMS 0x0000000781c00000, 0x0000000781c00000| Untracked 
|  29|0x0000000781d00000, 0x0000000781d00000, 0x0000000781e00000|  0%| F|  |TAMS 0x0000000781d00000, 0x0000000781d00000| Untracked 
|  30|0x0000000781e00000, 0x0000000781e00000, 0x0000000781f00000|  0%| F|  |TAMS 0x0000000781e00000, 0x0000000781e00000| Untracked 
|  31|0x0000000781f00000, 0x0000000781f00000, 0x0000000782000000|  0%| F|  |TAMS 0x0000000781f00000, 0x0000000781f00000| Untracked 
|  32|0x0000000782000000, 0x0000000782000000, 0x0000000782100000|  0%| F|  |TAMS 0x0000000782000000, 0x0000000782000000| Untracked 
|  33|0x0000000782100000, 0x0000000782100000, 0x0000000782200000|  0%| F|  |TAMS 0x0000000782100000, 0x0000000782100000| Untracked 
|  34|0x0000000782200000, 0x0000000782200000, 0x0000000782300000|  0%| F|  |TAMS 0x0000000782200000, 0x0000000782200000| Untracked 
|  35|0x0000000782300000, 0x0000000782300000, 0x0000000782400000|  0%| F|  |TAMS 0x0000000782300000, 0x0000000782300000| Untracked 
|  36|0x0000000782400000, 0x0000000782400000, 0x0000000782500000|  0%| F|  |TAMS 0x0000000782400000, 0x0000000782400000| Untracked 
|  37|0x0000000782500000, 0x0000000782500000, 0x0000000782600000|  0%| F|  |TAMS 0x0000000782500000, 0x0000000782500000| Untracked 
|  38|0x0000000782600000, 0x0000000782600000, 0x0000000782700000|  0%| F|  |TAMS 0x0000000782600000, 0x0000000782600000| Untracked 
|  39|0x0000000782700000, 0x0000000782700000, 0x0000000782800000|  0%| F|  |TAMS 0x0000000782700000, 0x0000000782700000| Untracked 
|  40|0x0000000782800000, 0x0000000782800000, 0x0000000782900000|  0%| F|  |TAMS 0x0000000782800000, 0x0000000782800000| Untracked 
|  41|0x0000000782900000, 0x0000000782900000, 0x0000000782a00000|  0%| F|  |TAMS 0x0000000782900000, 0x0000000782900000| Untracked 
|  42|0x0000000782a00000, 0x0000000782a00000, 0x0000000782b00000|  0%| F|  |TAMS 0x0000000782a00000, 0x0000000782a00000| Untracked 
|  43|0x0000000782b00000, 0x0000000782b00000, 0x0000000782c00000|  0%| F|  |TAMS 0x0000000782b00000, 0x0000000782b00000| Untracked 
|  44|0x0000000782c00000, 0x0000000782c00000, 0x0000000782d00000|  0%| F|  |TAMS 0x0000000782c00000, 0x0000000782c00000| Untracked 
|  45|0x0000000782d00000, 0x0000000782d00000, 0x0000000782e00000|  0%| F|  |TAMS 0x0000000782d00000, 0x0000000782d00000| Untracked 
|  46|0x0000000782e00000, 0x0000000782e00000, 0x0000000782f00000|  0%| F|  |TAMS 0x0000000782e00000, 0x0000000782e00000| Untracked 
|  47|0x0000000782f00000, 0x0000000782f00000, 0x0000000783000000|  0%| F|  |TAMS 0x0000000782f00000, 0x0000000782f00000| Untracked 
|  48|0x0000000783000000, 0x0000000783000000, 0x0000000783100000|  0%| F|  |TAMS 0x0000000783000000, 0x0000000783000000| Untracked 
|  49|0x0000000783100000, 0x0000000783100000, 0x0000000783200000|  0%| F|  |TAMS 0x0000000783100000, 0x0000000783100000| Untracked 
|  50|0x0000000783200000, 0x0000000783200000, 0x0000000783300000|  0%| F|  |TAMS 0x0000000783200000, 0x0000000783200000| Untracked 
|  51|0x0000000783300000, 0x0000000783300000, 0x0000000783400000|  0%| F|  |TAMS 0x0000000783300000, 0x0000000783300000| Untracked 
|  52|0x0000000783400000, 0x0000000783400000, 0x0000000783500000|  0%| F|  |TAMS 0x0000000783400000, 0x0000000783400000| Untracked 
|  53|0x0000000783500000, 0x0000000783500000, 0x0000000783600000|  0%| F|  |TAMS 0x0000000783500000, 0x0000000783500000| Untracked 
|  54|0x0000000783600000, 0x0000000783600000, 0x0000000783700000|  0%| F|  |TAMS 0x0000000783600000, 0x0000000783600000| Untracked 
|  55|0x0000000783700000, 0x0000000783700000, 0x0000000783800000|  0%| F|  |TAMS 0x0000000783700000, 0x0000000783700000| Untracked 
|  56|0x0000000783800000, 0x0000000783800000, 0x0000000783900000|  0%| F|  |TAMS 0x0000000783800000, 0x0000000783800000| Untracked 
|  57|0x0000000783900000, 0x0000000783900000, 0x0000000783a00000|  0%| F|  |TAMS 0x0000000783900000, 0x0000000783900000| Untracked 
|  58|0x0000000783a00000, 0x0000000783a00000, 0x0000000783b00000|  0%| F|  |TAMS 0x0000000783a00000, 0x0000000783a00000| Untracked 
|  59|0x0000000783b00000, 0x0000000783b00000, 0x0000000783c00000|  0%| F|  |TAMS 0x0000000783b00000, 0x0000000783b00000| Untracked 
|  60|0x0000000783c00000, 0x0000000783c00000, 0x0000000783d00000|  0%| F|  |TAMS 0x0000000783c00000, 0x0000000783c00000| Untracked 
|  61|0x0000000783d00000, 0x0000000783d00000, 0x0000000783e00000|  0%| F|  |TAMS 0x0000000783d00000, 0x0000000783d00000| Untracked 
|  62|0x0000000783e00000, 0x0000000783e00000, 0x0000000783f00000|  0%| F|  |TAMS 0x0000000783e00000, 0x0000000783e00000| Untracked 
|  63|0x0000000783f00000, 0x0000000783f00000, 0x0000000784000000|  0%| F|  |TAMS 0x0000000783f00000, 0x0000000783f00000| Untracked 
|  64|0x0000000784000000, 0x0000000784000000, 0x0000000784100000|  0%| F|  |TAMS 0x0000000784000000, 0x0000000784000000| Untracked 
|  65|0x0000000784100000, 0x0000000784100000, 0x0000000784200000|  0%| F|  |TAMS 0x0000000784100000, 0x0000000784100000| Untracked 
|  66|0x0000000784200000, 0x0000000784200000, 0x0000000784300000|  0%| F|  |TAMS 0x0000000784200000, 0x0000000784200000| Untracked 
|  67|0x0000000784300000, 0x0000000784300000, 0x0000000784400000|  0%| F|  |TAMS 0x0000000784300000, 0x0000000784300000| Untracked 
|  68|0x0000000784400000, 0x0000000784400000, 0x0000000784500000|  0%| F|  |TAMS 0x0000000784400000, 0x0000000784400000| Untracked 
|  69|0x0000000784500000, 0x0000000784500000, 0x0000000784600000|  0%| F|  |TAMS 0x0000000784500000, 0x0000000784500000| Untracked 
|  70|0x0000000784600000, 0x0000000784600000, 0x0000000784700000|  0%| F|  |TAMS 0x0000000784600000, 0x0000000784600000| Untracked 
|  71|0x0000000784700000, 0x0000000784700000, 0x0000000784800000|  0%| F|  |TAMS 0x0000000784700000, 0x0000000784700000| Untracked 
|  72|0x0000000784800000, 0x0000000784800000, 0x0000000784900000|  0%| F|  |TAMS 0x0000000784800000, 0x0000000784800000| Untracked 
|  73|0x0000000784900000, 0x0000000784900000, 0x0000000784a00000|  0%| F|  |TAMS 0x0000000784900000, 0x0000000784900000| Untracked 
|  74|0x0000000784a00000, 0x0000000784a00000, 0x0000000784b00000|  0%| F|  |TAMS 0x0000000784a00000, 0x0000000784a00000| Untracked 
|  75|0x0000000784b00000, 0x0000000784b00000, 0x0000000784c00000|  0%| F|  |TAMS 0x0000000784b00000, 0x0000000784b00000| Untracked 
|  76|0x0000000784c00000, 0x0000000784c00000, 0x0000000784d00000|  0%| F|  |TAMS 0x0000000784c00000, 0x0000000784c00000| Untracked 
|  77|0x0000000784d00000, 0x0000000784d00000, 0x0000000784e00000|  0%| F|  |TAMS 0x0000000784d00000, 0x0000000784d00000| Untracked 
|  78|0x0000000784e00000, 0x0000000784e00000, 0x0000000784f00000|  0%| F|  |TAMS 0x0000000784e00000, 0x0000000784e00000| Untracked 
|  79|0x0000000784f00000, 0x0000000784f00000, 0x0000000785000000|  0%| F|  |TAMS 0x0000000784f00000, 0x0000000784f00000| Untracked 
|  80|0x0000000785000000, 0x0000000785000000, 0x0000000785100000|  0%| F|  |TAMS 0x0000000785000000, 0x0000000785000000| Untracked 
|  81|0x0000000785100000, 0x0000000785100000, 0x0000000785200000|  0%| F|  |TAMS 0x0000000785100000, 0x0000000785100000| Untracked 
|  82|0x0000000785200000, 0x0000000785200000, 0x0000000785300000|  0%| F|  |TAMS 0x0000000785200000, 0x0000000785200000| Untracked 
|  83|0x0000000785300000, 0x0000000785300000, 0x0000000785400000|  0%| F|  |TAMS 0x0000000785300000, 0x0000000785300000| Untracked 
|  84|0x0000000785400000, 0x0000000785400000, 0x0000000785500000|  0%| F|  |TAMS 0x0000000785400000, 0x0000000785400000| Untracked 
|  85|0x0000000785500000, 0x0000000785500000, 0x0000000785600000|  0%| F|  |TAMS 0x0000000785500000, 0x0000000785500000| Untracked 
|  86|0x0000000785600000, 0x0000000785600000, 0x0000000785700000|  0%| F|  |TAMS 0x0000000785600000, 0x0000000785600000| Untracked 
|  87|0x0000000785700000, 0x0000000785700000, 0x0000000785800000|  0%| F|  |TAMS 0x0000000785700000, 0x0000000785700000| Untracked 
|  88|0x0000000785800000, 0x0000000785800000, 0x0000000785900000|  0%| F|  |TAMS 0x0000000785800000, 0x0000000785800000| Untracked 
|  89|0x0000000785900000, 0x0000000785900000, 0x0000000785a00000|  0%| F|  |TAMS 0x0000000785900000, 0x0000000785900000| Untracked 
|  90|0x0000000785a00000, 0x0000000785a00000, 0x0000000785b00000|  0%| F|  |TAMS 0x0000000785a00000, 0x0000000785a00000| Untracked 
|  91|0x0000000785b00000, 0x0000000785b00000, 0x0000000785c00000|  0%| F|  |TAMS 0x0000000785b00000, 0x0000000785b00000| Untracked 
|  92|0x0000000785c00000, 0x0000000785c00000, 0x0000000785d00000|  0%| F|  |TAMS 0x0000000785c00000, 0x0000000785c00000| Untracked 
|  93|0x0000000785d00000, 0x0000000785d00000, 0x0000000785e00000|  0%| F|  |TAMS 0x0000000785d00000, 0x0000000785d00000| Untracked 
|  94|0x0000000785e00000, 0x0000000785e00000, 0x0000000785f00000|  0%| F|  |TAMS 0x0000000785e00000, 0x0000000785e00000| Untracked 
|  95|0x0000000785f00000, 0x0000000785f00000, 0x0000000786000000|  0%| F|  |TAMS 0x0000000785f00000, 0x0000000785f00000| Untracked 
|  96|0x0000000786000000, 0x0000000786000000, 0x0000000786100000|  0%| F|  |TAMS 0x0000000786000000, 0x0000000786000000| Untracked 
|  97|0x0000000786100000, 0x0000000786100000, 0x0000000786200000|  0%| F|  |TAMS 0x0000000786100000, 0x0000000786100000| Untracked 
|  98|0x0000000786200000, 0x0000000786200000, 0x0000000786300000|  0%| F|  |TAMS 0x0000000786200000, 0x0000000786200000| Untracked 
|  99|0x0000000786300000, 0x0000000786300000, 0x0000000786400000|  0%| F|  |TAMS 0x0000000786300000, 0x0000000786300000| Untracked 
| 100|0x0000000786400000, 0x0000000786400000, 0x0000000786500000|  0%| F|  |TAMS 0x0000000786400000, 0x0000000786400000| Untracked 
| 101|0x0000000786500000, 0x0000000786500000, 0x0000000786600000|  0%| F|  |TAMS 0x0000000786500000, 0x0000000786500000| Untracked 
| 102|0x0000000786600000, 0x0000000786600000, 0x0000000786700000|  0%| F|  |TAMS 0x0000000786600000, 0x0000000786600000| Untracked 
| 103|0x0000000786700000, 0x0000000786700000, 0x0000000786800000|  0%| F|  |TAMS 0x0000000786700000, 0x0000000786700000| Untracked 
| 104|0x0000000786800000, 0x0000000786800000, 0x0000000786900000|  0%| F|  |TAMS 0x0000000786800000, 0x0000000786800000| Untracked 
| 105|0x0000000786900000, 0x0000000786900000, 0x0000000786a00000|  0%| F|  |TAMS 0x0000000786900000, 0x0000000786900000| Untracked 
| 106|0x0000000786a00000, 0x0000000786a00000, 0x0000000786b00000|  0%| F|  |TAMS 0x0000000786a00000, 0x0000000786a00000| Untracked 
| 107|0x0000000786b00000, 0x0000000786b00000, 0x0000000786c00000|  0%| F|  |TAMS 0x0000000786b00000, 0x0000000786b00000| Untracked 
| 108|0x0000000786c00000, 0x0000000786c00000, 0x0000000786d00000|  0%| F|  |TAMS 0x0000000786c00000, 0x0000000786c00000| Untracked 
| 109|0x0000000786d00000, 0x0000000786d00000, 0x0000000786e00000|  0%| F|  |TAMS 0x0000000786d00000, 0x0000000786d00000| Untracked 
| 110|0x0000000786e00000, 0x0000000786e00000, 0x0000000786f00000|  0%| F|  |TAMS 0x0000000786e00000, 0x0000000786e00000| Untracked 
| 111|0x0000000786f00000, 0x0000000786f00000, 0x0000000787000000|  0%| F|  |TAMS 0x0000000786f00000, 0x0000000786f00000| Untracked 
| 112|0x0000000787000000, 0x0000000787000000, 0x0000000787100000|  0%| F|  |TAMS 0x0000000787000000, 0x0000000787000000| Untracked 
| 113|0x0000000787100000, 0x0000000787100000, 0x0000000787200000|  0%| F|  |TAMS 0x0000000787100000, 0x0000000787100000| Untracked 
| 114|0x0000000787200000, 0x0000000787200000, 0x0000000787300000|  0%| F|  |TAMS 0x0000000787200000, 0x0000000787200000| Untracked 
| 115|0x0000000787300000, 0x0000000787400000, 0x0000000787400000|100%| E|  |TAMS 0x0000000787300000, 0x0000000787300000| Complete 
| 116|0x0000000787400000, 0x0000000787500000, 0x0000000787500000|100%| E|CS|TAMS 0x0000000787400000, 0x0000000787400000| Complete 
| 117|0x0000000787500000, 0x0000000787600000, 0x0000000787600000|100%| E|CS|TAMS 0x0000000787500000, 0x0000000787500000| Complete 
| 118|0x0000000787600000, 0x0000000787700000, 0x0000000787700000|100%| E|CS|TAMS 0x0000000787600000, 0x0000000787600000| Complete 
| 119|0x0000000787700000, 0x0000000787800000, 0x0000000787800000|100%| E|CS|TAMS 0x0000000787700000, 0x0000000787700000| Complete 
| 120|0x0000000787800000, 0x0000000787900000, 0x0000000787900000|100%| E|CS|TAMS 0x0000000787800000, 0x0000000787800000| Complete 
| 121|0x0000000787900000, 0x0000000787a00000, 0x0000000787a00000|100%| E|CS|TAMS 0x0000000787900000, 0x0000000787900000| Complete 
| 122|0x0000000787a00000, 0x0000000787b00000, 0x0000000787b00000|100%| E|CS|TAMS 0x0000000787a00000, 0x0000000787a00000| Complete 
| 123|0x0000000787b00000, 0x0000000787c00000, 0x0000000787c00000|100%| E|CS|TAMS 0x0000000787b00000, 0x0000000787b00000| Complete 
| 124|0x0000000787c00000, 0x0000000787d00000, 0x0000000787d00000|100%| E|CS|TAMS 0x0000000787c00000, 0x0000000787c00000| Complete 
| 125|0x0000000787d00000, 0x0000000787e00000, 0x0000000787e00000|100%| E|CS|TAMS 0x0000000787d00000, 0x0000000787d00000| Complete 
| 126|0x0000000787e00000, 0x0000000787f00000, 0x0000000787f00000|100%| E|CS|TAMS 0x0000000787e00000, 0x0000000787e00000| Complete 
| 127|0x0000000787f00000, 0x0000000788000000, 0x0000000788000000|100%| E|CS|TAMS 0x0000000787f00000, 0x0000000787f00000| Complete 

Card table byte_map: [0x000000010bc0f000,0x000000010c00f000] _byte_map_base: 0x000000010800f000

Marking Bits (Prev, Next): (CMBitMap*) 0x00007f8f4c82da18, (CMBitMap*) 0x00007f8f4c82da50
 Prev Bits: [0x0000000125f58000, 0x0000000127f58000)
 Next Bits: [0x0000000127f58000, 0x0000000129f58000)

Polling page: 0x000000010b4a1000

Metaspace:

Usage:
  Non-class:     14.87 MB capacity,    14.62 MB ( 98%) used,   203.35 KB (  1%) free+waste,    55.44 KB ( <1%) overhead. 
      Class:      2.00 MB capacity,     1.76 MB ( 88%) used,   220.52 KB ( 11%) free+waste,    30.25 KB (  1%) overhead. 
       Both:     16.88 MB capacity,    16.38 MB ( 97%) used,   423.88 KB (  2%) free+waste,    85.69 KB ( <1%) overhead. 

Virtual space:
  Non-class space:       16.00 MB reserved,      15.00 MB ( 94%) committed 
      Class space:        1.00 GB reserved,       2.12 MB ( <1%) committed 
             Both:        1.02 GB reserved,      17.12 MB (  2%) committed 

Chunk freelists:
   Non-Class:  109.00 KB
       Class:  27.00 KB
        Both:  136.00 KB

MaxMetaspaceSize: unlimited
CompressedClassSpaceSize: 1.00 GB

CodeHeap 'non-profiled nmethods': size=120032Kb used=430Kb max_used=430Kb free=119601Kb
 bounds [0x000000011e620000, 0x000000011e890000, 0x0000000125b58000]
CodeHeap 'profiled nmethods': size=120028Kb used=2225Kb max_used=2225Kb free=117802Kb
 bounds [0x00000001170e9000, 0x0000000117359000, 0x000000011e620000]
CodeHeap 'non-nmethods': size=5700Kb used=1236Kb max_used=1252Kb free=4463Kb
 bounds [0x0000000116b58000, 0x0000000116dc8000, 0x00000001170e9000]
 total_blobs=1857 nmethods=1201 adapters=570
 compilation: enabled
              stopped_count=0, restarted_count=0
 full_count=0

Compilation events (20 events):
Event: 1.476 Thread 0x00007f8f2d013000 1180       3       java.security.AccessControlContext::optimize (318 bytes)
Event: 1.477 Thread 0x00007f8f2d013000 nmethod 1180 0x000000011730cb10 code [0x000000011730cec0, 0x000000011730e840]
Event: 1.482 Thread 0x00007f8f2d013000 1181       3       sun.awt.AWTAutoShutdown::isReadyToShutdown (37 bytes)
Event: 1.482 Thread 0x00007f8f2d013000 nmethod 1181 0x000000011730f010 code [0x000000011730f1e0, 0x000000011730f550]
Event: 1.483 Thread 0x00007f8f2d013000 1182       3       java.lang.reflect.AccessibleObject::<init> (5 bytes)
Event: 1.483 Thread 0x00007f8f2d013000 nmethod 1182 0x000000011730f690 code [0x000000011730f840, 0x000000011730f990]
Event: 1.487 Thread 0x00007f8f2d013000 1183       3       java.lang.Integer::valueOf (32 bytes)
Event: 1.488 Thread 0x00007f8f2d013000 nmethod 1183 0x000000011730fa90 code [0x000000011730fc60, 0x000000011730ff70]
Event: 1.488 Thread 0x00007f8f2d013000 1184       3       java.lang.invoke.Invokers::checkCustomized (23 bytes)
Event: 1.488 Thread 0x00007f8f2d013000 nmethod 1184 0x0000000117310110 code [0x00000001173102e0, 0x00000001173104a0]
Event: 1.490 Thread 0x00007f8f2d013000 1185       1       sun.lwawt.LWComponentPeer::getTarget (5 bytes)
Event: 1.490 Thread 0x00007f8f2d013000 nmethod 1185 0x000000011e689790 code [0x000000011e689940, 0x000000011e6899f0]
Event: 1.498 Thread 0x00007f8f2d013000 1187       3       java.security.AccessController::getContext (23 bytes)
Event: 1.498 Thread 0x00007f8f2d013000 nmethod 1187 0x0000000117310590 code [0x0000000117310760, 0x0000000117310a10]
Event: 1.501 Thread 0x00007f8f2d013000 1189       3       java.lang.invoke.LambdaFormEditor::bindArgumentType (101 bytes)
Event: 1.501 Thread 0x00007f8f2d013000 nmethod 1189 0x0000000117310b90 code [0x0000000117310d60, 0x0000000117310f80]
Event: 1.501 Thread 0x00007f8f2d013000 1190       3       java.lang.invoke.LambdaFormEditor::bindArgumentForm (269 bytes)
Event: 1.502 Thread 0x00007f8f2d013000 nmethod 1190 0x0000000117311090 code [0x0000000117311460, 0x0000000117312e20]
Event: 1.502 Thread 0x00007f8f2d008800 1193       4       java.lang.invoke.LambdaForm::internArgument (84 bytes)
Event: 1.507 Thread 0x00007f8f2d008800 nmethod 1193 0x000000011e68a910 code [0x000000011e68aac0, 0x000000011e68adb8]

GC Heap History (0 events):
No events

Deoptimization events (20 events):
Event: 0.933 Thread 0x00007f8f4d1cf800 Uncommon trap: trap_request=0xffffff4d fr.pc=0x000000011e629278 relative=0x0000000000000058
Event: 0.933 Thread 0x00007f8f4d1cf800 Uncommon trap: reason=unstable_if action=reinterpret pc=0x000000011e629278 method=java.lang.String.isLatin1()Z @ 10 c2
Event: 0.933 Thread 0x00007f8f4d1cf800 DEOPT PACKING pc=0x000000011e629278 sp=0x000000030b557ed0
Event: 0.933 Thread 0x00007f8f4d1cf800 DEOPT UNPACKING pc=0x0000000116b7df9f sp=0x000000030b557e80 mode 2
Event: 0.934 Thread 0x00007f8f4d1cf800 Uncommon trap: trap_request=0xffffff4d fr.pc=0x000000011e62c7b0 relative=0x0000000000000cb0
Event: 0.934 Thread 0x00007f8f4d1cf800 Uncommon trap: reason=unstable_if action=reinterpret pc=0x000000011e62c7b0 method=java.util.HashMap.putVal(ILjava/lang/Object;Ljava/lang/Object;ZZ)Ljava/lang/Object; @ 181 c2
Event: 0.934 Thread 0x00007f8f4d1cf800 DEOPT PACKING pc=0x000000011e62c7b0 sp=0x000000030b557ec0
Event: 0.934 Thread 0x00007f8f4d1cf800 DEOPT UNPACKING pc=0x0000000116b7df9f sp=0x000000030b557e60 mode 2
Event: 1.227 Thread 0x00007f8f4d1cf800 Uncommon trap: trap_request=0xffffff4d fr.pc=0x000000011e669730 relative=0x0000000000000450
Event: 1.227 Thread 0x00007f8f4d1cf800 Uncommon trap: reason=unstable_if action=reinterpret pc=0x000000011e669730 method=java.lang.StringLatin1.toLowerCase(Ljava/lang/String;[BLjava/util/Locale;)Ljava/lang/String; @ 40 c2
Event: 1.227 Thread 0x00007f8f4d1cf800 DEOPT PACKING pc=0x000000011e669730 sp=0x000000030b559640
Event: 1.227 Thread 0x00007f8f4d1cf800 DEOPT UNPACKING pc=0x0000000116b7df9f sp=0x000000030b5595d0 mode 2
Event: 1.287 Thread 0x00007f8f4d1cf800 Uncommon trap: trap_request=0xffffff4d fr.pc=0x000000011e656c10 relative=0x00000000000004d0
Event: 1.287 Thread 0x00007f8f4d1cf800 Uncommon trap: reason=unstable_if action=reinterpret pc=0x000000011e656c10 method=java.lang.StringLatin1.replace([BCC)Ljava/lang/String; @ 19 c2
Event: 1.287 Thread 0x00007f8f4d1cf800 DEOPT PACKING pc=0x000000011e656c10 sp=0x000000030b55a1e0
Event: 1.287 Thread 0x00007f8f4d1cf800 DEOPT UNPACKING pc=0x0000000116b7df9f sp=0x000000030b55a170 mode 2
Event: 1.437 Thread 0x00007f8f4e00f800 Uncommon trap: trap_request=0xffffff4d fr.pc=0x000000011e65cd9c relative=0x00000000000004bc
Event: 1.437 Thread 0x00007f8f4e00f800 Uncommon trap: reason=unstable_if action=reinterpret pc=0x000000011e65cd9c method=jdk.internal.org.objectweb.asm.Type.getArgumentsAndReturnSizes(Ljava/lang/String;)I @ 47 c2
Event: 1.437 Thread 0x00007f8f4e00f800 DEOPT PACKING pc=0x000000011e65cd9c sp=0x0000000309df70c0
Event: 1.437 Thread 0x00007f8f4e00f800 DEOPT UNPACKING pc=0x0000000116b7df9f sp=0x0000000309df7060 mode 2

Classes redefined (0 events):
No events

Internal exceptions (20 events):
Event: 0.742 Thread 0x00007f8f4e00f800 Exception <a 'java/lang/NoSuchMethodError'{0x00000007878b5678}: 'java.lang.Object java.lang.invoke.DirectMethodHandle$Holder.invokeStatic(java.lang.Object, int, int, int, int)'> (0x00000007878b5678) thrown at [./src/hotspot/share/interpreter/linkResolver.cpp, line 773]
Event: 0.742 Thread 0x00007f8f4d1cf800 Exception <a 'java/lang/NoSuchMethodError'{0x00000007878f7700}: 'void java.lang.invoke.DirectMethodHandle$Holder.invokeStatic(java.lang.Object, long)'> (0x00000007878f7700) thrown at [./src/hotspot/share/interpreter/linkResolver.cpp, line 773]
Event: 0.743 Thread 0x00007f8f4e00f800 Exception <a 'java/lang/NoSuchMethodError'{0x00000007878b8d18}: 'java.lang.Object java.lang.invoke.DirectMethodHandle$Holder.invokeSpecial(java.lang.Object, java.lang.Object, int, int, int, int)'> (0x00000007878b8d18) thrown at [./src/hotspot/share/interpreter/linkResolver.cpp, line 773]
Event: 0.743 Thread 0x00007f8f4e00f800 Exception <a 'java/lang/NoSuchMethodError'{0x00000007878bbe98}: 'java.lang.Object java.lang.invoke.Invokers$Holder.linkToTargetMethod(int, int, int, int, java.lang.Object)'> (0x00000007878bbe98) thrown at [./src/hotspot/share/interpreter/linkResolver.cpp, line 773]
Event: 0.745 Thread 0x00007f8f4e00f800 Exception <a 'java/lang/NoSuchMethodError'{0x00000007878bed50}: 'void java.lang.invoke.DirectMethodHandle$Holder.invokeStatic(java.lang.Object, java.lang.Object, long)'> (0x00000007878bed50) thrown at [./src/hotspot/share/interpreter/linkResolver.cpp, line 773]
Event: 0.811 Thread 0x00007f8f4e00f800 Exception <a 'java/lang/NoSuchMethodError'{0x00000007878d4428}: 'void java.lang.invoke.DirectMethodHandle$Holder.invokeSpecial(java.lang.Object, java.lang.Object, long)'> (0x00000007878d4428) thrown at [./src/hotspot/share/interpreter/linkResolver.cpp, line 773]
Event: 0.813 Thread 0x00007f8f4e00f800 Exception <a 'java/lang/NoSuchMethodError'{0x00000007878d9ef0}: 'void java.lang.invoke.DirectMethodHandle$Holder.invokeStatic(java.lang.Object, long, long)'> (0x00000007878d9ef0) thrown at [./src/hotspot/share/interpreter/linkResolver.cpp, line 773]
Event: 0.813 Thread 0x00007f8f4e00f800 Exception <a 'java/lang/NoSuchMethodError'{0x00000007878df0e0}: 'java.lang.Object java.lang.invoke.DirectMethodHandle$Holder.invokeStatic(java.lang.Object, long)'> (0x00000007878df0e0) thrown at [./src/hotspot/share/interpreter/linkResolver.cpp, line 773]
Event: 0.818 Thread 0x00007f8f4e00f800 Exception <a 'java/lang/NoSuchMethodError'{0x00000007878f10c0}: 'java.lang.Object java.lang.invoke.Invokers$Holder.linkToTargetMethod(java.lang.Object, int, java.lang.Object)'> (0x00000007878f10c0) thrown at [./src/hotspot/share/interpreter/linkResolver.cpp, line 773]
Event: 0.898 Thread 0x00007f8f4d1cf800 Exception <a 'java/lang/NoSuchMethodError'{0x00000007877a5c08}: 'java.lang.Object java.lang.invoke.DirectMethodHandle$Holder.invokeStatic(java.lang.Object, java.lang.Object, java.lang.Object, java.lang.Object, java.lang.Object, java.lang.Object, java.lang.Object, java.lang.Object, int, int, java.lang.Object)'> (0x00000007877a5c08) thrown at [./src/hotspot/share/interpreter/linkResolver.cpp, line 773]
Event: 0.898 Thread 0x00007f8f4e00f800 Exception <a 'java/lang/NoSuchMethodError'{0x00000007877fc4e8}: 'java.lang.Object java.lang.invoke.DirectMethodHandle$Holder.invokeSpecial(java.lang.Object, java.lang.Object, int, int, int, int, int, java.lang.Object, int, java.lang.Object)'> (0x00000007877fc4e8) thrown at [./src/hotspot/share/interpreter/linkResolver.cpp, line 773]
Event: 0.899 Thread 0x00007f8f4e00f800 Exception <a 'java/lang/NoSuchMethodError'{0x00000007877ff900}: 'java.lang.Object java.lang.invoke.DelegatingMethodHandle$Holder.reinvoke_L(java.lang.Object, int, int, int, int, int, java.lang.Object, int, java.lang.Object)'> (0x00000007877ff900) thrown at [./src/hotspot/share/interpreter/linkResolver.cpp, line 773]
Event: 0.909 Thread 0x00007f8f4e00f800 Exception <a 'java/lang/NoSuchMethodError'{0x000000078763c6e8}: 'java.lang.Object java.lang.invoke.DirectMethodHandle$Holder.invokeStatic(java.lang.Object, java.lang.Object, java.lang.Object, java.lang.Object, java.lang.Object, java.lang.Object, java.lang.Object, java.lang.Object, java.lang.Object, java.lang.Object, java.lang.Object, java.lang.Object, java.lang.Object, int)'> (0x000000078763c6e8) thrown at [./src/hotspot/share/interpreter/linkResolver.cpp, line 773]
Event: 0.911 Thread 0x00007f8f4e00f800 Exception <a 'java/lang/NoSuchMethodError'{0x00000007876490f8}: 'java.lang.Object java.lang.invoke.DirectMethodHandle$Holder.invokeStatic(java.lang.Object, java.lang.Object, java.lang.Object, java.lang.Object, java.lang.Object, java.lang.Object, java.lang.Object, java.lang.Object, java.lang.Object, java.lang.Object, java.lang.Object, java.lang.Object, java.lang.Object, int, int)'> (0x00000007876490f8) thrown at [./src/hotspot/share/interpreter/linkResolver.cpp, line 773]
Event: 0.919 Thread 0x00007f8f4e00f800 Exception <a 'java/lang/NoSuchMethodError'{0x00000007876653c8}: 'java.lang.Object java.lang.invoke.DelegatingMethodHandle$Holder.reinvoke_L(java.lang.Object, int, int, java.lang.Object, int, java.lang.Object)'> (0x00000007876653c8) thrown at [./src/hotspot/share/interpreter/linkResolver.cpp, line 773]
Event: 0.933 Thread 0x00007f8f4e00f800 Exception <a 'java/lang/NoSuchMethodError'{0x00000007876a07a8}: 'java.lang.Object java.lang.invoke.DirectMethodHandle$Holder.invokeStatic(java.lang.Object, java.lang.Object, java.lang.Object, java.lang.Object, java.lang.Object, java.lang.Object, java.lang.Object, java.lang.Object, java.lang.Object, java.lang.Object, java.lang.Object, int)'> (0x00000007876a07a8) thrown at [./src/hotspot/share/interpreter/linkResolver.cpp, line 773]
Event: 0.936 Thread 0x00007f8f4e00f800 Exception <a 'java/lang/NoSuchMethodError'{0x00000007876be6a8}: 'java.lang.Object java.lang.invoke.DirectMethodHandle$Holder.invokeStatic(java.lang.Object, java.lang.Object, java.lang.Object, java.lang.Object, java.lang.Object, java.lang.Object, java.lang.Object, java.lang.Object, java.lang.Object, java.lang.Object, java.lang.Object, int, int)'> (0x00000007876be6a8) thrown at [./src/hotspot/share/interpreter/linkResolver.cpp, line 773]
Event: 0.944 Thread 0x00007f8f4e00f800 Exception <a 'java/lang/NoSuchMethodError'{0x00000007876dd438}: 'java.lang.Object java.lang.invoke.DirectMethodHandle$Holder.invokeStatic(java.lang.Object, java.lang.Object, java.lang.Object, java.lang.Object, java.lang.Object, java.lang.Object, java.lang.Object, java.lang.Object, java.lang.Object, java.lang.Object, java.lang.Object, int, int, java.lang.Object)'> (0x00000007876dd438) thrown at [./src/hotspot/share/interpreter/linkResolver.cpp, line 773]
Event: 0.950 Thread 0x00007f8f4e00f800 Exception <a 'java/lang/NoSuchMethodError'{0x0000000787582c58}: 'java.lang.Object java.lang.invoke.DirectMethodHandle$Holder.invokeStatic(java.lang.Object, java.lang.Object, java.lang.Object, java.lang.Object, java.lang.Object, java.lang.Object, java.lang.Object, java.lang.Object, java.lang.Object, java.lang.Object, java.lang.Object, int, int, java.lang.Object, java.lang.Object)'> (0x0000000787582c58) thrown at [./src/hotspot/share/interpreter/linkResolver.cpp, line 773]
Event: 1.510 Thread 0x00007f8f4d1cf800 Exception <a 'java/lang/NoSuchMethodError'{0x00000007873e3fe0}: 'java.lang.Object java.lang.invoke.DirectMethodHandle$Holder.invokeStatic(java.lang.Object, int, int, java.lang.Object, java.lang.Object, java.lang.Object)'> (0x00000007873e3fe0) thrown at [./src/hotspot/share/interpreter/linkResolver.cpp, line 773]

Events (20 events):
Event: 1.513 loading class java/awt/image/DataBuffer$1
Event: 1.513 loading class sun/awt/image/SunWritableRaster$DataStealer
Event: 1.513 loading class sun/awt/image/SunWritableRaster$DataStealer done
Event: 1.513 loading class java/awt/image/DataBuffer$1 done
Event: 1.513 loading class sun/awt/image/SunWritableRaster
Event: 1.513 loading class java/awt/image/WritableRaster
Event: 1.513 loading class java/awt/image/WritableRaster done
Event: 1.513 loading class sun/awt/image/SunWritableRaster done
Event: 1.513 loading class java/awt/image/SinglePixelPackedSampleModel
Event: 1.513 loading class java/awt/image/SampleModel
Event: 1.513 loading class java/awt/image/SampleModel done
Event: 1.513 loading class java/awt/image/SinglePixelPackedSampleModel done
Event: 1.513 loading class sun/awt/image/IntegerInterleavedRaster
Event: 1.514 loading class sun/awt/image/IntegerComponentRaster
Event: 1.514 loading class sun/awt/image/IntegerComponentRaster done
Event: 1.514 loading class sun/awt/image/IntegerInterleavedRaster done
Event: 1.514 loading class sun/awt/image/NativeLibLoader
Event: 1.514 loading class sun/awt/image/NativeLibLoader done
Event: 1.514 loading class sun/awt/image/NativeLibLoader$1
Event: 1.514 loading class sun/awt/image/NativeLibLoader$1 done


Dynamic libraries:
0x000000010b42c000 	/Library/Java/JavaVirtualMachines/adoptopenjdk-11.jdk/Contents/Home/lib/jli/libjli.dylib
0x00007ff82a1c4000 	/System/Library/Frameworks/Cocoa.framework/Versions/A/Cocoa
0x00007ff815ac2000 	/System/Library/Frameworks/AppKit.framework/Versions/C/AppKit
0x00007ff819021000 	/System/Library/Frameworks/CoreData.framework/Versions/A/CoreData
0x00007ff813ed9000 	/System/Library/Frameworks/Foundation.framework/Versions/C/Foundation
0x00007ff81e23d000 	/usr/lib/libSystem.B.dylib
0x00007ff816954000 	/System/Library/PrivateFrameworks/UIFoundation.framework/Versions/A/UIFoundation
0x00007ff824170000 	/System/Library/PrivateFrameworks/RemoteViewServices.framework/Versions/A/RemoteViewServices
0x00007ff81c510000 	/System/Library/PrivateFrameworks/XCTTargetBootstrap.framework/Versions/A/XCTTargetBootstrap
0x00007ff820109000 	/System/Library/PrivateFrameworks/InternationalSupport.framework/Versions/A/InternationalSupport
0x00007ff820193000 	/System/Library/PrivateFrameworks/UserActivity.framework/Versions/A/UserActivity
0x00007ff81f4f0000 	/usr/lib/libspindump.dylib
0x00007ff816be2000 	/System/Library/Frameworks/UniformTypeIdentifiers.framework/Versions/A/UniformTypeIdentifiers
0x00007ff81ac49000 	/usr/lib/libapp_launch_measurement.dylib
0x00007ff8199fd000 	/System/Library/PrivateFrameworks/CoreAnalytics.framework/Versions/A/CoreAnalytics
0x00007ff81ac4c000 	/System/Library/PrivateFrameworks/CoreAutoLayout.framework/Versions/A/CoreAutoLayout
0x00007ff81be6c000 	/System/Library/Frameworks/Metal.framework/Versions/A/Metal
0x00007ff81cb88000 	/usr/lib/liblangid.dylib
0x00007ff81c514000 	/System/Library/PrivateFrameworks/CoreSVG.framework/Versions/A/CoreSVG
0x00007ff817fa9000 	/System/Library/PrivateFrameworks/SkyLight.framework/Versions/A/SkyLight
0x00007ff81833f000 	/System/Library/Frameworks/CoreGraphics.framework/Versions/A/CoreGraphics
0x00007ff8247df000 	/System/Library/Frameworks/Accelerate.framework/Versions/A/Accelerate
0x00007ff81ef6b000 	/System/Library/PrivateFrameworks/IconServices.framework/Versions/A/IconServices
0x00007ff81be51000 	/System/Library/Frameworks/IOSurface.framework/Versions/A/IOSurface
0x00007ff819a2b000 	/usr/lib/libDiagnosticMessagesClient.dylib
0x00007ff81e157000 	/usr/lib/libz.1.dylib
0x00007ff827e50000 	/System/Library/Frameworks/ApplicationServices.framework/Versions/A/ApplicationServices
0x00007ff81c4fc000 	/System/Library/PrivateFrameworks/DFRFoundation.framework/Versions/A/DFRFoundation
0x00007ff8153b3000 	/usr/lib/libicucore.A.dylib
0x00007ff820e2e000 	/System/Library/Frameworks/AudioToolbox.framework/Versions/A/AudioToolbox
0x00007ff820115000 	/System/Library/PrivateFrameworks/DataDetectorsCore.framework/Versions/A/DataDetectorsCore
0x00007ff91ba07000 	/System/Library/PrivateFrameworks/TextInput.framework/Versions/A/TextInput
0x00007ff817f2d000 	/usr/lib/libMobileGestalt.dylib
0x00007ff81c204000 	/System/Library/Frameworks/Carbon.framework/Versions/A/Frameworks/HIToolbox.framework/Versions/A/HIToolbox
0x00007ff81a676000 	/System/Library/Frameworks/QuartzCore.framework/Versions/A/QuartzCore
0x00007ff815053000 	/System/Library/Frameworks/Security.framework/Versions/A/Security
0x00007ff8241a8000 	/System/Library/Frameworks/Carbon.framework/Versions/A/Frameworks/SpeechRecognition.framework/Versions/A/SpeechRecognition
0x00007ff81a9a9000 	/System/Library/PrivateFrameworks/CoreUI.framework/Versions/A/CoreUI
0x00007ff81492b000 	/System/Library/Frameworks/CoreAudio.framework/Versions/A/CoreAudio
0x00007ff819b19000 	/System/Library/Frameworks/DiskArbitration.framework/Versions/A/DiskArbitration
0x00007ff81f8d3000 	/System/Library/PrivateFrameworks/MultitouchSupport.framework/Versions/A/MultitouchSupport
0x00007ff817f2c000 	/usr/lib/libenergytrace.dylib
0x00007ff8159ae000 	/System/Library/Frameworks/IOKit.framework/Versions/A/IOKit
0x00007ff824594000 	/System/Library/Frameworks/CoreServices.framework/Versions/A/CoreServices
0x00007ff81abe3000 	/System/Library/PrivateFrameworks/PerformanceAnalysis.framework/Versions/A/PerformanceAnalysis
0x00007ffa2b4ee000 	/System/Library/Frameworks/OpenGL.framework/Versions/A/OpenGL
0x00007ff81d784000 	/System/Library/PrivateFrameworks/MobileKeyBag.framework/Versions/A/MobileKeyBag
0x00007ff812f71000 	/usr/lib/libobjc.A.dylib
0x00007ff818a6e000 	/System/Library/Frameworks/ColorSync.framework/Versions/A/ColorSync
0x00007ff81312d000 	/System/Library/Frameworks/CoreFoundation.framework/Versions/A/CoreFoundation
0x00007ff81c78f000 	/System/Library/Frameworks/CoreImage.framework/Versions/A/CoreImage
0x00007ff814741000 	/System/Library/Frameworks/CoreText.framework/Versions/A/CoreText
0x00007ff81c543000 	/System/Library/Frameworks/ImageIO.framework/Versions/A/ImageIO
0x00007ff81e243000 	/System/Library/PrivateFrameworks/SoftLinking.framework/Versions/A/SoftLinking
0x00007ff81ac94000 	/usr/lib/libxml2.2.dylib
0x00007ff81303a000 	/usr/lib/libc++.1.dylib
0x00007ff81e4c4000 	/usr/lib/libcompression.dylib
0x00007ff82003f000 	/System/Library/PrivateFrameworks/TextureIO.framework/Versions/A/TextureIO
0x00007ff81ebe4000 	/usr/lib/libate.dylib
0x00007ff81e238000 	/usr/lib/system/libcache.dylib
0x00007ff81e1f4000 	/usr/lib/system/libcommonCrypto.dylib
0x00007ff81e21d000 	/usr/lib/system/libcompiler_rt.dylib
0x00007ff81e213000 	/usr/lib/system/libcopyfile.dylib
0x00007ff812e6b000 	/usr/lib/system/libcorecrypto.dylib
0x00007ff812f2a000 	/usr/lib/system/libdispatch.dylib
0x00007ff8130ec000 	/usr/lib/system/libdyld.dylib
0x00007ff81e22f000 	/usr/lib/system/libkeymgr.dylib
0x00007ff81e1d2000 	/usr/lib/system/libmacho.dylib
0x00007ff81d858000 	/usr/lib/system/libquarantine.dylib
0x00007ff81e22d000 	/usr/lib/system/libremovefile.dylib
0x00007ff817f79000 	/usr/lib/system/libsystem_asl.dylib
0x00007ff812e19000 	/usr/lib/system/libsystem_blocks.dylib
0x00007ff812fb1000 	/usr/lib/system/libsystem_c.dylib
0x00007ff81e225000 	/usr/lib/system/libsystem_collections.dylib
0x00007ff81cb79000 	/usr/lib/system/libsystem_configuration.dylib
0x00007ff81be34000 	/usr/lib/system/libsystem_containermanager.dylib
0x00007ff81df09000 	/usr/lib/system/libsystem_coreservices.dylib
0x00007ff81563c000 	/usr/lib/system/libsystem_darwin.dylib
0x00007ff81e230000 	/usr/lib/system/libsystem_dnssd.dylib
0x00007ff812fae000 	/usr/lib/system/libsystem_featureflags.dylib
0x00007ff813102000 	/usr/lib/system/libsystem_info.dylib
0x00007ff81e16a000 	/usr/lib/system/libsystem_m.dylib
0x00007ff812efe000 	/usr/lib/system/libsystem_malloc.dylib
0x00007ff817f16000 	/usr/lib/system/libsystem_networkextension.dylib
0x00007ff815a64000 	/usr/lib/system/libsystem_notify.dylib
0x00007ff824469000 	/usr/lib/system/libsystem_product_info_filter.dylib
0x00007ff81cb7d000 	/usr/lib/system/libsystem_sandbox.dylib
0x00007ff81e22a000 	/usr/lib/system/libsystem_secinit.dylib
0x00007ff8130a9000 	/usr/lib/system/libsystem_kernel.dylib
0x00007ff8130f8000 	/usr/lib/system/libsystem_platform.dylib
0x00007ff8130e0000 	/usr/lib/system/libsystem_pthread.dylib
0x00007ff819844000 	/usr/lib/system/libsystem_symptoms.dylib
0x00007ff812e52000 	/usr/lib/system/libsystem_trace.dylib
0x00007ff81e200000 	/usr/lib/system/libunwind.dylib
0x00007ff812e1b000 	/usr/lib/system/libxpc.dylib
0x00007ff813093000 	/usr/lib/libc++abi.dylib
0x00007ff81e20b000 	/usr/lib/liboah.dylib
0x00007ff81e99d000 	/usr/lib/liblzma.5.dylib
0x00007ff813bea000 	/System/Library/Frameworks/SystemConfiguration.framework/Versions/A/SystemConfiguration
0x00007ff81e23f000 	/usr/lib/libfakelink.dylib
0x00007ff817a7f000 	/System/Library/Frameworks/CFNetwork.framework/Versions/A/CFNetwork
0x00007ff81e37e000 	/usr/lib/libarchive.2.dylib
0x00007ff81cb84000 	/System/Library/PrivateFrameworks/AppleSystemInfo.framework/Versions/A/AppleSystemInfo
0x00007ff81d87f000 	/usr/lib/libbsm.0.dylib
0x00007ff8170b5000 	/usr/lib/libnetwork.dylib
0x00007ff81e1d8000 	/usr/lib/system/libkxld.dylib
0x00007ff81d4ad000 	/System/Library/PrivateFrameworks/IOMobileFramebuffer.framework/Versions/A/IOMobileFramebuffer
0x00007ffb2915a000 	/usr/lib/libCoreEntitlements.dylib
0x00007ff81deeb000 	/System/Library/PrivateFrameworks/AppleFSCompression.framework/Versions/A/AppleFSCompression
0x00007ff81d867000 	/usr/lib/libcoretls.dylib
0x00007ff81e9b7000 	/usr/lib/libcoretls_cfhelpers.dylib
0x00007ff81e4bf000 	/usr/lib/libpam.2.dylib
0x00007ff81946a000 	/usr/lib/libsqlite3.dylib
0x00007ff81ea26000 	/usr/lib/libxar.1.dylib
0x00007ff81defb000 	/usr/lib/libbz2.1.0.dylib
0x00007ff81e244000 	/usr/lib/libpcap.A.dylib
0x00007ff81983b000 	/usr/lib/libdns_services.dylib
0x00007ff81e491000 	/usr/lib/libapple_nghttp2.dylib
0x00007ff81e27b000 	/usr/lib/libiconv.2.dylib
0x00007ff81e1d1000 	/usr/lib/libcharset.1.dylib
0x00007ff81ac17000 	/System/Library/Frameworks/CoreServices.framework/Versions/A/Frameworks/FSEvents.framework/Versions/A/FSEvents
0x00007ff815646000 	/System/Library/Frameworks/CoreServices.framework/Versions/A/Frameworks/CarbonCore.framework/Versions/A/CarbonCore
0x00007ff819a7e000 	/System/Library/Frameworks/CoreServices.framework/Versions/A/Frameworks/Metadata.framework/Versions/A/Metadata
0x00007ff81df0e000 	/System/Library/Frameworks/CoreServices.framework/Versions/A/Frameworks/OSServices.framework/Versions/A/OSServices
0x00007ff81e405000 	/System/Library/Frameworks/CoreServices.framework/Versions/A/Frameworks/SearchKit.framework/Versions/A/SearchKit
0x00007ff8197cd000 	/System/Library/Frameworks/CoreServices.framework/Versions/A/Frameworks/AE.framework/Versions/A/AE
0x00007ff81362e000 	/System/Library/Frameworks/CoreServices.framework/Versions/A/Frameworks/LaunchServices.framework/Versions/A/LaunchServices
0x00007ff81e94e000 	/System/Library/Frameworks/CoreServices.framework/Versions/A/Frameworks/DictionaryServices.framework/Versions/A/DictionaryServices
0x00007ff81ac24000 	/System/Library/Frameworks/CoreServices.framework/Versions/A/Frameworks/SharedFileList.framework/Versions/A/SharedFileList
0x00007ff81d85b000 	/usr/lib/libCheckFix.dylib
0x00007ff817f90000 	/System/Library/PrivateFrameworks/TCC.framework/Versions/A/TCC
0x00007ff81cb8a000 	/System/Library/PrivateFrameworks/CoreNLP.framework/Versions/A/CoreNLP
0x00007ff819a2e000 	/System/Library/PrivateFrameworks/MetadataUtilities.framework/Versions/A/MetadataUtilities
0x00007ff813c9a000 	/usr/lib/libmecabra.dylib
0x00007ff81d88f000 	/usr/lib/libmecab.dylib
0x00007ff813c65000 	/usr/lib/libCRFSuite.dylib
0x00007ff81d8ec000 	/usr/lib/libgermantok.dylib
0x00007ff81e46c000 	/usr/lib/libThaiTokenizer.dylib
0x00007ff819b20000 	/System/Library/Frameworks/Accelerate.framework/Versions/A/Frameworks/vImage.framework/Versions/A/vImage
0x00007ff82456b000 	/System/Library/Frameworks/Accelerate.framework/Versions/A/Frameworks/vecLib.framework/Versions/A/vecLib
0x00007ff81ea67000 	/System/Library/Frameworks/Accelerate.framework/Versions/A/Frameworks/vecLib.framework/Versions/A/libvMisc.dylib
0x00007ff81d2a1000 	/System/Library/Frameworks/Accelerate.framework/Versions/A/Frameworks/vecLib.framework/Versions/A/libvDSP.dylib
0x00007ff8139a6000 	/System/Library/Frameworks/Accelerate.framework/Versions/A/Frameworks/vecLib.framework/Versions/A/libBLAS.dylib
0x00007ff81e5a1000 	/System/Library/Frameworks/Accelerate.framework/Versions/A/Frameworks/vecLib.framework/Versions/A/libLAPACK.dylib
0x00007ff81d8ef000 	/System/Library/Frameworks/Accelerate.framework/Versions/A/Frameworks/vecLib.framework/Versions/A/libLinearAlgebra.dylib
0x00007ff81e4aa000 	/System/Library/Frameworks/Accelerate.framework/Versions/A/Frameworks/vecLib.framework/Versions/A/libSparseBLAS.dylib
0x00007ff81e59b000 	/System/Library/Frameworks/Accelerate.framework/Versions/A/Frameworks/vecLib.framework/Versions/A/libQuadrature.dylib
0x00007ff81cc74000 	/System/Library/Frameworks/Accelerate.framework/Versions/A/Frameworks/vecLib.framework/Versions/A/libBNNS.dylib
0x00007ff813b7b000 	/System/Library/Frameworks/Accelerate.framework/Versions/A/Frameworks/vecLib.framework/Versions/A/libSparse.dylib
0x00007ff81cc6d000 	/System/Library/PrivateFrameworks/LinguisticData.framework/Versions/A/LinguisticData
0x00007ff813b30000 	/System/Library/PrivateFrameworks/Lexicon.framework/Versions/A/Lexicon
0x00007ff81ea60000 	/usr/lib/libChineseTokenizer.dylib
0x00007ff814294000 	/System/Library/PrivateFrameworks/LanguageModeling.framework/Versions/A/LanguageModeling
0x00007ff81e46e000 	/System/Library/PrivateFrameworks/AppleSauce.framework/Versions/A/AppleSauce
0x00007ff81d49b000 	/System/Library/PrivateFrameworks/CoreEmoji.framework/Versions/A/CoreEmoji
0x00007ff81e36d000 	/usr/lib/libcmph.dylib
0x00007ff81abfb000 	/System/Library/Frameworks/OpenDirectory.framework/Versions/A/Frameworks/CFOpenDirectory.framework/Versions/A/CFOpenDirectory
0x00007ff81abef000 	/System/Library/Frameworks/OpenDirectory.framework/Versions/A/OpenDirectory
0x00007ff81e9b9000 	/System/Library/PrivateFrameworks/APFS.framework/Versions/A/APFS
0x00007ff81d7bc000 	/System/Library/Frameworks/SecurityFoundation.framework/Versions/A/SecurityFoundation
0x00007ff81ea34000 	/usr/lib/libutil.dylib
0x00007ff815971000 	/System/Library/PrivateFrameworks/CoreServicesStore.framework/Versions/A/CoreServicesStore
0x00007ff81ea38000 	/usr/lib/libxslt.1.dylib
0x00007ff81d849000 	/System/Library/PrivateFrameworks/BackgroundTaskManagement.framework/Versions/A/BackgroundTaskManagement
0x00007ff81ff61000 	/System/Library/Frameworks/ImageIO.framework/Versions/A/Resources/libRadiance.dylib
0x00007ff81ff6a000 	/System/Library/Frameworks/ImageIO.framework/Versions/A/Resources/libJPEG.dylib
0x00007ff81febb000 	/System/Library/Frameworks/ImageIO.framework/Versions/A/Resources/libPng.dylib
0x00007ff81fedc000 	/System/Library/Frameworks/ImageIO.framework/Versions/A/Resources/libTIFF.dylib
0x00007ff81ffc8000 	/System/Library/Frameworks/ImageIO.framework/Versions/A/Resources/libGIF.dylib
0x00007ff81f7f0000 	/System/Library/Frameworks/ImageIO.framework/Versions/A/Resources/libJP2.dylib
0x00007ff81ef32000 	/usr/lib/libexpat.1.dylib
0x00007ff81f7a5000 	/System/Library/PrivateFrameworks/AppleJPEG.framework/Versions/A/AppleJPEG
0x00007ff81c0c7000 	/System/Library/PrivateFrameworks/FontServices.framework/libFontParser.dylib
0x00007ff819777000 	/System/Library/PrivateFrameworks/RunningBoardServices.framework/Versions/A/RunningBoardServices
0x00007ff82a740000 	/System/Library/PrivateFrameworks/IOSurfaceAccelerator.framework/Versions/A/IOSurfaceAccelerator
0x00007ff81f8cf000 	/System/Library/PrivateFrameworks/WatchdogClient.framework/Versions/A/WatchdogClient
0x00007ff814383000 	/System/Library/Frameworks/CoreDisplay.framework/Versions/A/CoreDisplay
0x00007ff81bfc6000 	/System/Library/Frameworks/CoreMedia.framework/Versions/A/CoreMedia
0x00007ff81be63000 	/System/Library/PrivateFrameworks/IOAccelerator.framework/Versions/A/IOAccelerator
0x00007ff81ad77000 	/System/Library/Frameworks/CoreVideo.framework/Versions/A/CoreVideo
0x00007ff81e4bd000 	/System/Library/Frameworks/MetalPerformanceShaders.framework/Versions/A/MetalPerformanceShaders
0x00007ff81f90a000 	/System/Library/Frameworks/VideoToolbox.framework/Versions/A/VideoToolbox
0x00007ff8196bf000 	/System/Library/PrivateFrameworks/BaseBoard.framework/Versions/A/BaseBoard
0x00007ff819450000 	/System/Library/PrivateFrameworks/ProtocolBuffer.framework/Versions/A/ProtocolBuffer
0x00007ff81ff5a000 	/System/Library/PrivateFrameworks/GPUWrangler.framework/Versions/A/GPUWrangler
0x00007ff81ff3d000 	/System/Library/PrivateFrameworks/IOPresentment.framework/Versions/A/IOPresentment
0x00007ff81ff64000 	/System/Library/PrivateFrameworks/DSExternalDisplay.framework/Versions/A/DSExternalDisplay
0x00007ffa2b4e2000 	/System/Library/Frameworks/OpenGL.framework/Versions/A/Libraries/libCoreFSCache.dylib
0x00007ffb173ca000 	/System/Library/PrivateFrameworks/GPUCompiler.framework/Versions/31001/Libraries/libGPUCompilerUtils.dylib
0x00007ff81ffcd000 	/System/Library/PrivateFrameworks/CMCaptureCore.framework/Versions/A/CMCaptureCore
0x00007ff81f4de000 	/System/Library/PrivateFrameworks/AppServerSupport.framework/Versions/A/AppServerSupport
0x00007ff8216b4000 	/System/Library/PrivateFrameworks/perfdata.framework/Versions/A/perfdata
0x00007ff8144af000 	/System/Library/PrivateFrameworks/AudioToolboxCore.framework/Versions/A/AudioToolboxCore
0x00007ff81bfa3000 	/System/Library/PrivateFrameworks/caulk.framework/Versions/A/caulk
0x00007ff820fd8000 	/usr/lib/libAudioStatistics.dylib
0x00007ff918295000 	/System/Library/PrivateFrameworks/SystemPolicy.framework/Versions/A/SystemPolicy
0x00007ff82122d000 	/usr/lib/libSMC.dylib
0x00007ff82a077000 	/System/Library/Frameworks/CoreMIDI.framework/Versions/A/CoreMIDI
0x00007ff81fe8b000 	/usr/lib/libAudioToolboxUtility.dylib
0x00007ff9146a7000 	/System/Library/PrivateFrameworks/OSAServicesClient.framework/Versions/A/OSAServicesClient
0x00007ff8216c1000 	/usr/lib/libperfcheck.dylib
0x00007ff918d27000 	/usr/lib/libmis.dylib
0x00007ffa2b53e000 	/System/Library/Frameworks/OpenGL.framework/Versions/A/Libraries/libGLU.dylib
0x00007ffa2b501000 	/System/Library/Frameworks/OpenGL.framework/Versions/A/Libraries/libGFXShared.dylib
0x00007ffa2b70f000 	/System/Library/Frameworks/OpenGL.framework/Versions/A/Libraries/libGL.dylib
0x00007ffa2b50a000 	/System/Library/Frameworks/OpenGL.framework/Versions/A/Libraries/libGLImage.dylib
0x00007ffa2b4fe000 	/System/Library/Frameworks/OpenGL.framework/Versions/A/Libraries/libCVMSPluginSupport.dylib
0x00007ffa2b4e9000 	/System/Library/Frameworks/OpenGL.framework/Versions/A/Libraries/libCoreVMClient.dylib
0x00007ff81cb08000 	/System/Library/Frameworks/MetalPerformanceShaders.framework/Versions/A/Frameworks/MPSCore.framework/Versions/A/MPSCore
0x00007ff81de56000 	/System/Library/Frameworks/MetalPerformanceShaders.framework/Versions/A/Frameworks/MPSImage.framework/Versions/A/MPSImage
0x00007ff81d905000 	/System/Library/Frameworks/MetalPerformanceShaders.framework/Versions/A/Frameworks/MPSNeuralNetwork.framework/Versions/A/MPSNeuralNetwork
0x00007ff81dd7a000 	/System/Library/Frameworks/MetalPerformanceShaders.framework/Versions/A/Frameworks/MPSMatrix.framework/Versions/A/MPSMatrix
0x00007ff81db36000 	/System/Library/Frameworks/MetalPerformanceShaders.framework/Versions/A/Frameworks/MPSRayIntersector.framework/Versions/A/MPSRayIntersector
0x00007ff81ddb3000 	/System/Library/Frameworks/MetalPerformanceShaders.framework/Versions/A/Frameworks/MPSNDArray.framework/Versions/A/MPSNDArray
0x00007ffa30103000 	/System/Library/Frameworks/MetalPerformanceShaders.framework/Versions/A/Frameworks/MPSFunctions.framework/Versions/A/MPSFunctions
0x00007ff813889000 	/System/Library/PrivateFrameworks/MetalTools.framework/Versions/A/MetalTools
0x00007ff81cb82000 	/System/Library/PrivateFrameworks/AggregateDictionary.framework/Versions/A/AggregateDictionary
0x00007ff81ed14000 	/usr/lib/libIOReport.dylib
0x00007ffa2cb1e000 	/System/Library/Frameworks/OpenCL.framework/Versions/A/OpenCL
0x00007ff81f078000 	/System/Library/PrivateFrameworks/FaceCore.framework/Versions/A/FaceCore
0x00007ff81f069000 	/System/Library/PrivateFrameworks/GraphVisualizer.framework/Versions/A/GraphVisualizer
0x00007ffb172d5000 	/System/Library/PrivateFrameworks/FontServices.framework/Versions/A/FontServices
0x00007ff81f495000 	/System/Library/PrivateFrameworks/OTSVG.framework/Versions/A/OTSVG
0x00007ff81a95f000 	/System/Library/Frameworks/ApplicationServices.framework/Versions/A/Frameworks/ATS.framework/Versions/A/Resources/libFontRegistry.dylib
0x00007ff81f4e6000 	/System/Library/PrivateFrameworks/FontServices.framework/libhvf.dylib
0x00007ffb172d6000 	/System/Library/PrivateFrameworks/FontServices.framework/libXTFontStaticRegistryData.dylib
0x00007ff81eee2000 	/System/Library/PrivateFrameworks/AppleVA.framework/Versions/A/AppleVA
0x00007ff820ffc000 	/System/Library/Frameworks/ApplicationServices.framework/Versions/A/Frameworks/ATS.framework/Versions/A/ATS
0x00007ff818b6a000 	/System/Library/Frameworks/ApplicationServices.framework/Versions/A/Frameworks/HIServices.framework/Versions/A/HIServices
0x00007ff81ffd7000 	/System/Library/Frameworks/ApplicationServices.framework/Versions/A/Frameworks/PrintCore.framework/Versions/A/PrintCore
0x00007ff821380000 	/System/Library/Frameworks/ApplicationServices.framework/Versions/A/Frameworks/QD.framework/Versions/A/QD
0x00007ff821378000 	/System/Library/Frameworks/ApplicationServices.framework/Versions/A/Frameworks/ColorSyncLegacy.framework/Versions/A/ColorSyncLegacy
0x00007ff820fec000 	/System/Library/Frameworks/ApplicationServices.framework/Versions/A/Frameworks/SpeechSynthesis.framework/Versions/A/SpeechSynthesis
0x00007ff81ff98000 	/System/Library/Frameworks/ApplicationServices.framework/Versions/A/Frameworks/ATSUI.framework/Versions/A/ATSUI
0x00007ff82130d000 	/usr/lib/libcups.2.dylib
0x00007ff8216d0000 	/System/Library/Frameworks/Kerberos.framework/Versions/A/Kerberos
0x00007ff8216df000 	/System/Library/Frameworks/GSS.framework/Versions/A/GSS
0x00007ff821068000 	/usr/lib/libresolv.9.dylib
0x00007ff81f4f5000 	/System/Library/PrivateFrameworks/Heimdal.framework/Versions/A/Heimdal
0x00007ff8281cd000 	/System/Library/Frameworks/Kerberos.framework/Versions/A/Libraries/libHeimdalProxy.dylib
0x00007ff81984c000 	/System/Library/Frameworks/Network.framework/Versions/A/Network
0x00007ff81ef4c000 	/usr/lib/libheimdal-asn1.dylib
0x00007ff82172b000 	/System/Library/PrivateFrameworks/CommonAuth.framework/Versions/A/CommonAuth
0x00007ff820f69000 	/System/Library/PrivateFrameworks/AudioSession.framework/Versions/A/AudioSession
0x00007ff81efdc000 	/System/Library/PrivateFrameworks/MediaExperience.framework/Versions/A/MediaExperience
0x00007ff820dfd000 	/System/Library/PrivateFrameworks/AudioSession.framework/libSessionUtility.dylib
0x00007ff82138c000 	/System/Library/PrivateFrameworks/AudioResourceArbitration.framework/Versions/A/AudioResourceArbitration
0x00007ff82537e000 	/System/Library/PrivateFrameworks/PowerLog.framework/Versions/A/PowerLog
0x00007ff81ef55000 	/System/Library/PrivateFrameworks/IconFoundation.framework/Versions/A/IconFoundation
0x00007ff824198000 	/System/Library/PrivateFrameworks/SpeechRecognitionCore.framework/Versions/A/SpeechRecognitionCore
0x000000010c231000 	/Library/Java/JavaVirtualMachines/adoptopenjdk-11.jdk/Contents/Home/lib/server/libjvm.dylib
0x000000010b51b000 	/Library/Java/JavaVirtualMachines/adoptopenjdk-11.jdk/Contents/Home/lib/libverify.dylib
0x000000010b540000 	/Library/Java/JavaVirtualMachines/adoptopenjdk-11.jdk/Contents/Home/lib/libjava.dylib
0x000000010b4ad000 	/Library/Java/JavaVirtualMachines/adoptopenjdk-11.jdk/Contents/Home/lib/libjimage.dylib
0x000000010b5b6000 	/Library/Java/JavaVirtualMachines/adoptopenjdk-11.jdk/Contents/Home/lib/libinstrument.dylib
0x000000010b61a000 	/Library/Java/JavaVirtualMachines/adoptopenjdk-11.jdk/Contents/Home/lib/libzip.dylib
0x000000012e3f4000 	/Library/Java/JavaVirtualMachines/adoptopenjdk-11.jdk/Contents/Home/lib/libnio.dylib
0x000000012e439000 	/Library/Java/JavaVirtualMachines/adoptopenjdk-11.jdk/Contents/Home/lib/libnet.dylib
0x000000010b4ef000 	/Library/Java/JavaVirtualMachines/adoptopenjdk-11.jdk/Contents/Home/lib/libextnet.dylib
0x000000012e4f3000 	/Library/Java/JavaVirtualMachines/adoptopenjdk-11.jdk/Contents/Home/lib/libawt.dylib
0x000000012e638000 	/Library/Java/JavaVirtualMachines/adoptopenjdk-11.jdk/Contents/Home/lib/libmlib_image.dylib
0x00007ffa30065000 	/System/Library/Frameworks/JavaNativeFoundation.framework/Versions/A/JavaNativeFoundation
0x00007ffa30071000 	/System/Library/Frameworks/JavaRuntimeSupport.framework/Versions/A/JavaRuntimeSupport
0x00007ff917dde000 	/System/Library/Frameworks/Carbon.framework/Versions/A/Carbon
0x00007ff8265f9000 	/System/Library/PrivateFrameworks/CoreSymbolication.framework/Versions/A/CoreSymbolication
0x00007ff82ba93000 	/System/Library/Frameworks/Carbon.framework/Versions/A/Frameworks/CommonPanels.framework/Versions/A/CommonPanels
0x00007ff827bd2000 	/System/Library/Frameworks/Carbon.framework/Versions/A/Frameworks/Help.framework/Versions/A/Help
0x00007ff82ba97000 	/System/Library/Frameworks/Carbon.framework/Versions/A/Frameworks/ImageCapture.framework/Versions/A/ImageCapture
0x00007ff82ba67000 	/System/Library/Frameworks/Carbon.framework/Versions/A/Frameworks/OpenScripting.framework/Versions/A/OpenScripting
0x00007ff82ba8f000 	/System/Library/Frameworks/Carbon.framework/Versions/A/Frameworks/Ink.framework/Versions/A/Ink
0x00007ff917dda000 	/System/Library/Frameworks/Carbon.framework/Versions/A/Frameworks/Print.framework/Versions/A/Print
0x00007ff82ba8b000 	/System/Library/Frameworks/Carbon.framework/Versions/A/Frameworks/SecurityHI.framework/Versions/A/SecurityHI
0x00007ff8265be000 	/System/Library/PrivateFrameworks/DebugSymbols.framework/Versions/A/DebugSymbols
0x000000012e7cd000 	/Library/Java/JavaVirtualMachines/adoptopenjdk-11.jdk/Contents/Home/lib/libawt_lwawt.dylib
0x000000012e49c000 	/Library/Java/JavaVirtualMachines/adoptopenjdk-11.jdk/Contents/Home/lib/libosxapp.dylib
0x00007ff917217000 	/System/Library/Frameworks/ExceptionHandling.framework/Versions/A/ExceptionHandling
0x000000012e77d000 	/Library/Java/JavaVirtualMachines/adoptopenjdk-11.jdk/Contents/Home/lib/libfontmanager.dylib
0x000000012ea35000 	/Library/Java/JavaVirtualMachines/adoptopenjdk-11.jdk/Contents/Home/lib/libharfbuzz.dylib
0x000000012ec4a000 	/Library/Java/JavaVirtualMachines/adoptopenjdk-11.jdk/Contents/Home/lib/libfreetype.dylib
0x00007ff815932000 	/System/Library/PrivateFrameworks/CoreServicesInternal.framework/Versions/A/CoreServicesInternal
0x00007ff82596f000 	/System/Library/Frameworks/FileProvider.framework/Versions/A/FileProvider
0x00007ff81962b000 	/System/Library/Frameworks/Accounts.framework/Versions/A/Accounts
0x00007ff825ae7000 	/System/Library/PrivateFrameworks/GenerationalStorage.framework/Versions/A/GenerationalStorage
0x00007ff825373000 	/System/Library/PrivateFrameworks/SymptomDiagnosticReporter.framework/Versions/A/SymptomDiagnosticReporter
0x00007ff816bf6000 	/System/Library/PrivateFrameworks/DesktopServicesPriv.framework/Versions/A/DesktopServicesPriv
0x00007ff815a73000 	/usr/lib/libsandbox.1.dylib
0x00007ff81adf6000 	/System/Library/PrivateFrameworks/UserManagement.framework/Versions/A/UserManagement
0x00007ff82136d000 	/System/Library/PrivateFrameworks/NetAuth.framework/Versions/A/NetAuth
0x00007ff82225c000 	/System/Library/PrivateFrameworks/Sharing.framework/Versions/A/Sharing
0x00007ff81adc9000 	/System/Library/PrivateFrameworks/login.framework/Versions/A/Frameworks/loginsupport.framework/Versions/A/loginsupport
0x00007ff8276ff000 	/System/Library/PrivateFrameworks/Apple80211.framework/Versions/A/Apple80211
0x00007ff81df3b000 	/System/Library/PrivateFrameworks/AuthKit.framework/Versions/A/AuthKit
0x00007ff81d591000 	/System/Library/PrivateFrameworks/CoreUtils.framework/Versions/A/CoreUtils
0x00007ff81d4b8000 	/System/Library/Frameworks/CoreWLAN.framework/Versions/A/CoreWLAN
0x00007ff8223b7000 	/System/Library/Frameworks/IOBluetooth.framework/Versions/A/IOBluetooth
0x00007ff827767000 	/System/Library/PrivateFrameworks/CoreWiFi.framework/Versions/A/CoreWiFi
0x00007ff826193000 	/System/Library/PrivateFrameworks/FrontBoardServices.framework/Versions/A/FrontBoardServices
0x00007ff826225000 	/System/Library/PrivateFrameworks/BoardServices.framework/Versions/A/BoardServices
0x00007ff81d7ab000 	/System/Library/PrivateFrameworks/AssertionServices.framework/Versions/A/AssertionServices
0x00007ff8278eb000 	/System/Library/PrivateFrameworks/BackBoardServices.framework/Versions/A/BackBoardServices
0x00007ff8217ba000 	/System/Library/PrivateFrameworks/CorePhoneNumbers.framework/Versions/A/CorePhoneNumbers
0x00007ff825490000 	/System/Library/PrivateFrameworks/DiskManagement.framework/Versions/A/DiskManagement
0x00007ff8253a4000 	/System/Library/PrivateFrameworks/AppleIDAuthSupport.framework/Versions/A/AppleIDAuthSupport
0x00007ffa320bc000 	/System/Library/PrivateFrameworks/AAAFoundation.framework/Versions/A/AAAFoundation
0x00007ff82179b000 	/System/Library/PrivateFrameworks/KeychainCircle.framework/Versions/A/KeychainCircle
0x00007ff82545c000 	/System/Library/PrivateFrameworks/MediaKit.framework/Versions/A/MediaKit
0x00007ff8253b0000 	/System/Library/Frameworks/DiscRecording.framework/Versions/A/DiscRecording
0x00007ff81ee5a000 	/usr/lib/libCoreStorage.dylib
0x00007ff827bda000 	/usr/lib/libcsfde.dylib
0x00007ff822484000 	/System/Library/PrivateFrameworks/ProtectedCloudStorage.framework/Versions/A/ProtectedCloudStorage
0x00007ff827bd6000 	/System/Library/PrivateFrameworks/EFILogin.framework/Versions/A/EFILogin
0x00007ff825b0d000 	/System/Library/PrivateFrameworks/OctagonTrust.framework/Versions/A/OctagonTrust
0x00007ffb165f7000 	/System/Library/PrivateFrameworks/CoreUtilsExtras.framework/Versions/A/CoreUtilsExtras
0x00007ff8252e6000 	/System/Library/Frameworks/CoreBluetooth.framework/Versions/A/CoreBluetooth
0x00007ff828252000 	/System/Library/Frameworks/AudioUnit.framework/Versions/A/AudioUnit
0x00007ff81ee52000 	/usr/lib/libMatch.1.dylib
0x00007ff91f8dd000 	/System/Library/CoreServices/RawCamera.bundle/Contents/MacOS/RawCamera
0x00007ff82173b000 	/System/Library/PrivateFrameworks/MobileAsset.framework/Versions/A/MobileAsset
0x00007ff828279000 	/System/Library/PrivateFrameworks/StreamingZip.framework/Versions/A/StreamingZip
0x00007ffb13a3c000 	/System/Library/PrivateFrameworks/CMPhoto.framework/Versions/A/CMPhoto
0x00007ff826494000 	/System/Library/PrivateFrameworks/AppleVPA.framework/Versions/A/AppleVPA
0x00007ff8201ff000 	/System/Library/Frameworks/MediaToolbox.framework/Versions/A/MediaToolbox
0x00007ff82593f000 	/System/Library/PrivateFrameworks/CoreAVCHD.framework/Versions/A/CoreAVCHD
0x00007ff824827000 	/System/Library/Frameworks/MediaAccessibility.framework/Versions/A/MediaAccessibility
0x00007ff82593b000 	/System/Library/PrivateFrameworks/Mangrove.framework/Versions/A/Mangrove
0x00007ff824832000 	/System/Library/PrivateFrameworks/AlgosScoreFramework.framework/Versions/A/AlgosScoreFramework
0x00007ff825580000 	/System/Library/PrivateFrameworks/CoreAUC.framework/Versions/A/CoreAUC
0x00007ff91d18b000 	/System/Library/Frameworks/Accelerate.framework/Versions/A/Frameworks/vImage.framework/Versions/A/Libraries/libCGInterfaces.dylib
0x0000000131d23000 	/usr/lib/libobjc-trampolines.dylib
0x00007ff81aaef000 	/System/Library/PrivateFrameworks/ViewBridge.framework/Versions/A/ViewBridge
0x00007ffa2b71a000 	/System/Library/Frameworks/OpenGL.framework/Versions/A/Resources/GLEngine.bundle/GLEngine
0x00007ffa2b57c000 	/System/Library/Frameworks/OpenGL.framework/Versions/A/Libraries/libGLProgrammability.dylib
0x000000013359c000 	/System/Library/Extensions/AppleMetalOpenGLRenderer.bundle/Contents/MacOS/AppleMetalOpenGLRenderer
0x00007ffa2b8a9000 	/System/Library/Frameworks/OpenGL.framework/Versions/A/Resources/GLRendererFloat.bundle/GLRendererFloat
0x00007ffa2d688000 	/System/Library/Extensions/AGXMetal13_3.bundle/Contents/MacOS/AGXMetal13_3
0x00007ff918d42000 	/System/Library/PrivateFrameworks/GPURawCounter.framework/Versions/A/GPURawCounter
0x00007ff913872000 	/System/Library/PrivateFrameworks/IOGPU.framework/Versions/A/IOGPU
0x00007ff81f5af000 	/System/Library/PrivateFrameworks/login.framework/Versions/A/login
0x000000013393a000 	/Library/Java/JavaVirtualMachines/adoptopenjdk-11.jdk/Contents/Home/lib/libosxui.dylib


VM Arguments:
jvm_args: -javaagent:/Applications/IntelliJ IDEA.app/Contents/lib/idea_rt.jar=64863:/Applications/IntelliJ IDEA.app/Contents/bin -Dfile.encoding=UTF-8 
java_command: nnmaestro20.Controller
java_class_path (initial): /Users/vicwintriss/IdeaProjects/NNmaestro20/out/production/NNmaestro20
Launcher Type: SUN_STANDARD

[Global flags]
     intx CICompilerCount                          = 4                                         {product} {ergonomic}
     uint ConcGCThreads                            = 2                                         {product} {ergonomic}
     uint G1ConcRefinementThreads                  = 8                                         {product} {ergonomic}
   size_t G1HeapRegionSize                         = 1048576                                   {product} {ergonomic}
    uintx GCDrainStackTargetSize                   = 64                                        {product} {ergonomic}
   size_t InitialHeapSize                          = 134217728                                 {product} {ergonomic}
   size_t MarkStackSize                            = 4194304                                   {product} {ergonomic}
   size_t MaxHeapSize                              = 2147483648                                {product} {ergonomic}
   size_t MaxNewSize                               = 1287651328                                {product} {ergonomic}
   size_t MinHeapDeltaBytes                        = 1048576                                   {product} {ergonomic}
    uintx NonNMethodCodeHeapSize                   = 5836300                                {pd product} {ergonomic}
    uintx NonProfiledCodeHeapSize                  = 122910970                              {pd product} {ergonomic}
    uintx ProfiledCodeHeapSize                     = 122910970                              {pd product} {ergonomic}
    uintx ReservedCodeCacheSize                    = 251658240                              {pd product} {ergonomic}
     bool SegmentedCodeCache                       = true                                      {product} {ergonomic}
     bool UseCompressedClassPointers               = true                                 {lp64_product} {ergonomic}
     bool UseCompressedOops                        = true                                 {lp64_product} {ergonomic}
     bool UseG1GC                                  = true                                      {product} {ergonomic}

Logging:
Log output configuration:
 #0: stdout all=warning uptime,level,tags
 #1: stderr all=off uptime,level,tags

Environment Variables:
PATH=/usr/local/bin:/usr/bin:/bin:/usr/sbin:/sbin:file:/Users/VicMini/Documents/GitHub/SeleniumTest/chromedriver:/Applications/VMware Fusion Tech Preview.app/Contents/Public:~/Library/Android/sdk/platform-tools/adb:/Library/Apple/usr/bin:/usr/local/git/bin
SHELL=/bin/zsh
LC_CTYPE=en_GB.UTF-8

Signal Handlers:
SIGSEGV: [libjvm.dylib+0x7b893a], sa_mask[0]=11111111111111111111111111111111, sa_flags=SA_ONSTACK|SA_RESTART|SA_SIGINFO
SIGBUS: [libjvm.dylib+0x7b893a], sa_mask[0]=11111111111111111111111111111111, sa_flags=SA_RESTART|SA_SIGINFO
SIGFPE: [libjvm.dylib+0x7b893a], sa_mask[0]=11111111111111111111111111111111, sa_flags=SA_RESTART|SA_SIGINFO
SIGPIPE: [libjvm.dylib+0x61e7db], sa_mask[0]=11111111111111111111111111111111, sa_flags=SA_RESTART|SA_SIGINFO
SIGXFSZ: [libjvm.dylib+0x61e7db], sa_mask[0]=11111111111111111111111111111111, sa_flags=SA_RESTART|SA_SIGINFO
SIGILL: [libjvm.dylib+0x7b893a], sa_mask[0]=11111111111111111111111111111111, sa_flags=SA_RESTART|SA_SIGINFO
SIGUSR2: [libjvm.dylib+0x61edc3], sa_mask[0]=00100000000000000000000000000000, sa_flags=SA_RESTART|SA_SIGINFO
SIGHUP: [libjvm.dylib+0x61d909], sa_mask[0]=11111111111111111111111111111111, sa_flags=SA_RESTART|SA_SIGINFO
SIGINT: [libjvm.dylib+0x61d909], sa_mask[0]=11111111111111111111111111111111, sa_flags=SA_RESTART|SA_SIGINFO
SIGTERM: [libjvm.dylib+0x61d909], sa_mask[0]=11111111111111111111111111111111, sa_flags=SA_RESTART|SA_SIGINFO
SIGQUIT: [libjvm.dylib+0x61d909], sa_mask[0]=11111111111111111111111111111111, sa_flags=SA_RESTART|SA_SIGINFO


---------------  S Y S T E M  ---------------

OS:uname:Darwin 21.3.0 Darwin Kernel Version 21.3.0: Wed Jan  5 21:37:58 PST 2022; root:xnu-8019.80.24~20/RELEASE_ARM64_T8101 x86_64
OS uptime: 3 days 6:39 hours
rlimit (soft/hard): STACK 8176k/65520k , CORE 0k/infinity , NPROC 1333/2000 , NOFILE 10240/infinity , AS infinity/infinity , CPU infinity/infinity , DATA infinity/infinity , FSIZE infinity/infinity , MEMLOCK infinity/infinity , RSS infinity/infinity
load average:1.64 1.42 1.44

CPU:total 8 (initial active 8) (1 cores per cpu, 1 threads per core) family 6 model 44 stepping 0 microcode 0x0, cmov, cx8, fxsr, mmx, sse, sse2, sse3, ssse3, sse4.1, sse4.2, popcnt, aes, clmul, tsc, tscinvbit, tscinv

Memory: 4k page, physical 8388608k(21924k free), swap 3145728k(932864k free)

vm_info: OpenJDK 64-Bit Server VM (11.0.10+9) for bsd-amd64 JRE (11.0.10+9), built on Jan 20 2021 11:55:30 by "jenkins" with gcc 4.2.1 Compatible Apple LLVM 10.0.1 (clang-1001.0.46.4)

END.
